Loaded 4 faculty members from faculty_credentials.dat
============================================================
STUDENT MANAGEMENT SYSTEM - WEB SERVER
============================================================

Server Information:
Total Students: 10
Total Faculty: 4

Sample Faculty Credentials:
Employee ID: EMP001, Password: faculty123
Employee ID: EMP002, Password: password456

Sample Student Roll Numbers:
20240101, 20240102, 20240103, 20240104

============================================================
Starting server at http://localhost:5002
============================================================

 * Serving Flask app 'app'
 * Debug mode: on
[31m[1mWARNING: This is a development server. Do not use it in a production deployment. Use a production WSGI server instead.[0m
 * Running on all addresses (0.0.0.0)
 * Running on http://127.0.0.1:5002
 * Running on http://172.26.187.21:5002
[33mPress CTRL+C to quit[0m
 * Restarting with stat
 * Debugger is active!
 * Debugger PIN: 926-157-083
/Library/Developer/CommandLineTools/Library/Frameworks/Python3.framework/Versions/3.9/lib/python3.9/multiprocessing/resource_tracker.py:216: UserWarning: resource_tracker: There appear to be 1 leaked semaphore objects to clean up at shutdown
  warnings.warn('resource_tracker: There appear to be %d '
/Library/Developer/CommandLineTools/Library/Frameworks/Python3.framework/Versions/3.9/lib/python3.9/multiprocessing/resource_tracker.py:216: UserWarning: resource_tracker: There appear to be 1 leaked semaphore objects to clean up at shutdown
  warnings.warn('resource_tracker: There appear to be %d '
